<?xml version="1.0" encoding="UTF-8"?>
<!-- Generated by org.testng.reporters.JUnitReportReporter -->
<testsuite hostname="home-PC" name="mavengitjenkins.test" tests="1" failures="0" timestamp="30 Oct 2017 20:36:08 GMT" time="8.225" errors="0">
  <testcase name="login" time="8.225" classname="mavengitjenkins.test"/>
</testsuite> <!-- mavengitjenkins.test -->
