<?xml version="1.0" encoding="UTF-8"?>
<!-- Generated by org.testng.reporters.JUnitReportReporter -->
<testsuite hostname="home-PC" name="Test_Ins.mavengitjenkins.testcase" tests="1" failures="0" timestamp="30 Oct 2017 19:40:35 GMT" time="7.169" errors="0">
  <testcase name="login" time="7.169" classname="Test_Ins.mavengitjenkins.testcase"/>
</testsuite> <!-- Test_Ins.mavengitjenkins.testcase -->
